2024-09-29T17:07:22.053+01:00  INFO 36819 --- [medicalConsultSystem] [restartedMain] c.s.m.MedicalConsultSystemApplication    : Starting MedicalConsultSystemApplication using Java 21.0.4 with PID 36819 (/Users/simaomonteiro/Documents/medicalConsultSystem/target/classes started by simaomonteiro in /Users/simaomonteiro/Documents/medicalConsultSystem)
2024-09-29T17:07:22.053+01:00  INFO 36819 --- [medicalConsultSystem] [restartedMain] c.s.m.MedicalConsultSystemApplication    : No active profile set, falling back to 1 default profile: "default"
2024-09-29T17:07:22.229+01:00  INFO 36819 --- [medicalConsultSystem] [restartedMain] .s.d.r.c.RepositoryConfigurationDelegate : Bootstrapping Spring Data JPA repositories in DEFAULT mode.
2024-09-29T17:07:22.242+01:00  INFO 36819 --- [medicalConsultSystem] [restartedMain] .s.d.r.c.RepositoryConfigurationDelegate : Finished Spring Data repository scanning in 12 ms. Found 6 JPA repository interfaces.
2024-09-29T17:07:22.393+01:00  INFO 36819 --- [medicalConsultSystem] [restartedMain] o.s.b.w.embedded.tomcat.TomcatWebServer  : Tomcat initialized with port 8080 (http)
2024-09-29T17:07:22.394+01:00  INFO 36819 --- [medicalConsultSystem] [restartedMain] o.apache.catalina.core.StandardService   : Starting service [Tomcat]
2024-09-29T17:07:22.394+01:00  INFO 36819 --- [medicalConsultSystem] [restartedMain] o.apache.catalina.core.StandardEngine    : Starting Servlet engine: [Apache Tomcat/10.1.30]
2024-09-29T17:07:22.402+01:00  INFO 36819 --- [medicalConsultSystem] [restartedMain] o.a.c.c.C.[Tomcat].[localhost].[/]       : Initializing Spring embedded WebApplicationContext
2024-09-29T17:07:22.402+01:00  INFO 36819 --- [medicalConsultSystem] [restartedMain] w.s.c.ServletWebServerApplicationContext : Root WebApplicationContext: initialization completed in 347 ms
2024-09-29T17:07:22.426+01:00  INFO 36819 --- [medicalConsultSystem] [restartedMain] com.zaxxer.hikari.HikariDataSource       : HikariPool-3 - Starting...
2024-09-29T17:07:22.447+01:00  INFO 36819 --- [medicalConsultSystem] [restartedMain] com.zaxxer.hikari.pool.HikariPool        : HikariPool-3 - Added connection org.postgresql.jdbc.PgConnection@5490b1ba
2024-09-29T17:07:22.447+01:00  INFO 36819 --- [medicalConsultSystem] [restartedMain] com.zaxxer.hikari.HikariDataSource       : HikariPool-3 - Start completed.
2024-09-29T17:07:22.460+01:00  INFO 36819 --- [medicalConsultSystem] [restartedMain] o.hibernate.jpa.internal.util.LogHelper  : HHH000204: Processing PersistenceUnitInfo [name: default]
2024-09-29T17:07:22.461+01:00  INFO 36819 --- [medicalConsultSystem] [restartedMain] o.h.c.internal.RegionFactoryInitiator    : HHH000026: Second-level cache disabled
2024-09-29T17:07:22.466+01:00  INFO 36819 --- [medicalConsultSystem] [restartedMain] o.s.o.j.p.SpringPersistenceUnitInfo      : No LoadTimeWeaver setup: ignoring JPA class transformer
2024-09-29T17:07:22.562+01:00  INFO 36819 --- [medicalConsultSystem] [restartedMain] o.h.e.t.j.p.i.JtaPlatformInitiator       : HHH000489: No JTA platform available (set 'hibernate.transaction.jta.platform' to enable JTA platform integration)
2024-09-29T17:07:22.647+01:00  INFO 36819 --- [medicalConsultSystem] [restartedMain] j.LocalContainerEntityManagerFactoryBean : Initialized JPA EntityManagerFactory for persistence unit 'default'
2024-09-29T17:07:22.765+01:00  WARN 36819 --- [medicalConsultSystem] [restartedMain] JpaBaseConfiguration$JpaWebConfiguration : spring.jpa.open-in-view is enabled by default. Therefore, database queries may be performed during view rendering. Explicitly configure spring.jpa.open-in-view to disable this warning
2024-09-29T17:07:22.772+01:00  WARN 36819 --- [medicalConsultSystem] [restartedMain] .s.s.UserDetailsServiceAutoConfiguration : 

Using generated security password: 2f602bb6-e9e7-4797-839b-4e789479d8a1

This generated password is for development use only. Your security configuration must be updated before running your application in production.

2024-09-29T17:07:22.773+01:00  INFO 36819 --- [medicalConsultSystem] [restartedMain] r$InitializeUserDetailsManagerConfigurer : Global AuthenticationManager configured with UserDetailsService bean with name inMemoryUserDetailsManager
2024-09-29T17:07:22.795+01:00 DEBUG 36819 --- [medicalConsultSystem] [restartedMain] s.w.s.m.m.a.RequestMappingHandlerMapping : 10 mappings in 'requestMappingHandlerMapping'
2024-09-29T17:07:22.823+01:00 DEBUG 36819 --- [medicalConsultSystem] [restartedMain] o.s.w.s.handler.SimpleUrlHandlerMapping  : Patterns [/webjars/**, /**, /swagger-ui*/*swagger-initializer.js, /swagger-ui*/**] in 'resourceHandlerMapping'
2024-09-29T17:07:22.859+01:00 DEBUG 36819 --- [medicalConsultSystem] [restartedMain] s.w.s.m.m.a.RequestMappingHandlerAdapter : ControllerAdvice beans: 0 @ModelAttribute, 0 @InitBinder, 1 RequestBodyAdvice, 1 ResponseBodyAdvice
2024-09-29T17:07:22.865+01:00 DEBUG 36819 --- [medicalConsultSystem] [restartedMain] .m.m.a.ExceptionHandlerExceptionResolver : ControllerAdvice beans: 2 @ExceptionHandler, 1 ResponseBodyAdvice
2024-09-29T17:07:22.909+01:00  INFO 36819 --- [medicalConsultSystem] [restartedMain] o.s.b.d.a.OptionalLiveReloadServer       : LiveReload server is running on port 35729
2024-09-29T17:07:22.918+01:00  INFO 36819 --- [medicalConsultSystem] [restartedMain] o.s.b.w.embedded.tomcat.TomcatWebServer  : Tomcat started on port 8080 (http) with context path '/'
2024-09-29T17:07:22.922+01:00  INFO 36819 --- [medicalConsultSystem] [restartedMain] c.s.m.MedicalConsultSystemApplication    : Started MedicalConsultSystemApplication in 0.888 seconds (process running for 2405.18)
2024-09-29T17:07:22.923+01:00  INFO 36819 --- [medicalConsultSystem] [restartedMain] .ConditionEvaluationDeltaLoggingListener : Condition evaluation unchanged
2024-09-29T17:11:02.046+01:00  INFO 36819 --- [medicalConsultSystem] [File Watcher] rtingClassPathChangeChangedEventListener : Restarting due to 1 class path change (0 additions, 0 deletions, 1 modification)
2024-09-29T17:11:02.058+01:00  INFO 36819 --- [medicalConsultSystem] [Thread-11] j.LocalContainerEntityManagerFactoryBean : Closing JPA EntityManagerFactory for persistence unit 'default'
2024-09-29T17:11:02.059+01:00  INFO 36819 --- [medicalConsultSystem] [Thread-11] com.zaxxer.hikari.HikariDataSource       : HikariPool-3 - Shutdown initiated...
2024-09-29T17:11:02.061+01:00  INFO 36819 --- [medicalConsultSystem] [Thread-11] com.zaxxer.hikari.HikariDataSource       : HikariPool-3 - Shutdown completed.
2024-09-29T17:11:02.152+01:00  INFO 36819 --- [medicalConsultSystem] [restartedMain] c.s.m.MedicalConsultSystemApplication    : Starting MedicalConsultSystemApplication using Java 21.0.4 with PID 36819 (/Users/simaomonteiro/Documents/medicalConsultSystem/target/classes started by simaomonteiro in /Users/simaomonteiro/Documents/medicalConsultSystem)
2024-09-29T17:11:02.152+01:00  INFO 36819 --- [medicalConsultSystem] [restartedMain] c.s.m.MedicalConsultSystemApplication    : No active profile set, falling back to 1 default profile: "default"
2024-09-29T17:11:02.338+01:00  INFO 36819 --- [medicalConsultSystem] [restartedMain] .s.d.r.c.RepositoryConfigurationDelegate : Bootstrapping Spring Data JPA repositories in DEFAULT mode.
2024-09-29T17:11:02.347+01:00  INFO 36819 --- [medicalConsultSystem] [restartedMain] .s.d.r.c.RepositoryConfigurationDelegate : Finished Spring Data repository scanning in 8 ms. Found 6 JPA repository interfaces.
2024-09-29T17:11:02.480+01:00  INFO 36819 --- [medicalConsultSystem] [restartedMain] o.s.b.w.embedded.tomcat.TomcatWebServer  : Tomcat initialized with port 8080 (http)
2024-09-29T17:11:02.480+01:00  INFO 36819 --- [medicalConsultSystem] [restartedMain] o.apache.catalina.core.StandardService   : Starting service [Tomcat]
2024-09-29T17:11:02.480+01:00  INFO 36819 --- [medicalConsultSystem] [restartedMain] o.apache.catalina.core.StandardEngine    : Starting Servlet engine: [Apache Tomcat/10.1.30]
2024-09-29T17:11:02.489+01:00  INFO 36819 --- [medicalConsultSystem] [restartedMain] o.a.c.c.C.[Tomcat].[localhost].[/]       : Initializing Spring embedded WebApplicationContext
2024-09-29T17:11:02.490+01:00  INFO 36819 --- [medicalConsultSystem] [restartedMain] w.s.c.ServletWebServerApplicationContext : Root WebApplicationContext: initialization completed in 336 ms
2024-09-29T17:11:02.513+01:00  INFO 36819 --- [medicalConsultSystem] [restartedMain] com.zaxxer.hikari.HikariDataSource       : HikariPool-4 - Starting...
2024-09-29T17:11:02.534+01:00  INFO 36819 --- [medicalConsultSystem] [restartedMain] com.zaxxer.hikari.pool.HikariPool        : HikariPool-4 - Added connection org.postgresql.jdbc.PgConnection@391262c5
2024-09-29T17:11:02.534+01:00  INFO 36819 --- [medicalConsultSystem] [restartedMain] com.zaxxer.hikari.HikariDataSource       : HikariPool-4 - Start completed.
2024-09-29T17:11:02.545+01:00  INFO 36819 --- [medicalConsultSystem] [restartedMain] o.hibernate.jpa.internal.util.LogHelper  : HHH000204: Processing PersistenceUnitInfo [name: default]
2024-09-29T17:11:02.546+01:00  INFO 36819 --- [medicalConsultSystem] [restartedMain] o.h.c.internal.RegionFactoryInitiator    : HHH000026: Second-level cache disabled
2024-09-29T17:11:02.551+01:00  INFO 36819 --- [medicalConsultSystem] [restartedMain] o.s.o.j.p.SpringPersistenceUnitInfo      : No LoadTimeWeaver setup: ignoring JPA class transformer
2024-09-29T17:11:02.634+01:00  INFO 36819 --- [medicalConsultSystem] [restartedMain] o.h.e.t.j.p.i.JtaPlatformInitiator       : HHH000489: No JTA platform available (set 'hibernate.transaction.jta.platform' to enable JTA platform integration)
2024-09-29T17:11:02.724+01:00  INFO 36819 --- [medicalConsultSystem] [restartedMain] j.LocalContainerEntityManagerFactoryBean : Initialized JPA EntityManagerFactory for persistence unit 'default'
2024-09-29T17:11:02.811+01:00  WARN 36819 --- [medicalConsultSystem] [restartedMain] JpaBaseConfiguration$JpaWebConfiguration : spring.jpa.open-in-view is enabled by default. Therefore, database queries may be performed during view rendering. Explicitly configure spring.jpa.open-in-view to disable this warning
2024-09-29T17:11:02.816+01:00  WARN 36819 --- [medicalConsultSystem] [restartedMain] .s.s.UserDetailsServiceAutoConfiguration : 

Using generated security password: 5265c11b-70d7-4227-8a45-cca6680f6964

This generated password is for development use only. Your security configuration must be updated before running your application in production.

2024-09-29T17:11:02.817+01:00  INFO 36819 --- [medicalConsultSystem] [restartedMain] r$InitializeUserDetailsManagerConfigurer : Global AuthenticationManager configured with UserDetailsService bean with name inMemoryUserDetailsManager
2024-09-29T17:11:02.835+01:00 DEBUG 36819 --- [medicalConsultSystem] [restartedMain] s.w.s.m.m.a.RequestMappingHandlerMapping : 10 mappings in 'requestMappingHandlerMapping'
2024-09-29T17:11:02.857+01:00 DEBUG 36819 --- [medicalConsultSystem] [restartedMain] o.s.w.s.handler.SimpleUrlHandlerMapping  : Patterns [/webjars/**, /**, /swagger-ui*/*swagger-initializer.js, /swagger-ui*/**] in 'resourceHandlerMapping'
2024-09-29T17:11:02.889+01:00 DEBUG 36819 --- [medicalConsultSystem] [restartedMain] s.w.s.m.m.a.RequestMappingHandlerAdapter : ControllerAdvice beans: 0 @ModelAttribute, 0 @InitBinder, 1 RequestBodyAdvice, 1 ResponseBodyAdvice
2024-09-29T17:11:02.892+01:00 DEBUG 36819 --- [medicalConsultSystem] [restartedMain] .m.m.a.ExceptionHandlerExceptionResolver : ControllerAdvice beans: 2 @ExceptionHandler, 1 ResponseBodyAdvice
2024-09-29T17:11:02.931+01:00  INFO 36819 --- [medicalConsultSystem] [restartedMain] o.s.b.d.a.OptionalLiveReloadServer       : LiveReload server is running on port 35729
2024-09-29T17:11:02.940+01:00  INFO 36819 --- [medicalConsultSystem] [restartedMain] o.s.b.w.embedded.tomcat.TomcatWebServer  : Tomcat started on port 8080 (http) with context path '/'
2024-09-29T17:11:02.944+01:00  INFO 36819 --- [medicalConsultSystem] [restartedMain] c.s.m.MedicalConsultSystemApplication    : Started MedicalConsultSystemApplication in 0.821 seconds (process running for 2625.198)
2024-09-29T17:11:02.945+01:00  INFO 36819 --- [medicalConsultSystem] [restartedMain] .ConditionEvaluationDeltaLoggingListener : Condition evaluation unchanged
